<?xml version="1.0" encoding="UTF-8"?>
<!-- Generated by org.testng.reporters.JUnitXMLReporter -->
<testsuite hostname="DT-AKASH" ignored="0" name="Default test" tests="2" failures="0" timestamp="12 Apr 2017 13:50:28 GMT" time="21.202" errors="0">
  <testcase name="@BeforeTest beforeImtest" time="21.178" classname="com.healthec.provider.test.smoke.TestInstantMessengerUC_003">
    <failure type="org.openqa.selenium.WebDriverException" message="An unknown server-side error occurred while processing the command. (WARNING: The server did not provide any stacktrace information)
Command duration or timeout: 266 milliseconds
Build info: version: &amp;apos;3.0.1&amp;apos;, revision: &amp;apos;1969d75&amp;apos;, time: &amp;apos;2016-10-18 09:49:13 -0700&amp;apos;
System info: host: &amp;apos;DT-AKASH&amp;apos;, ip: &amp;apos;169.254.91.26&amp;apos;, os.name: &amp;apos;Windows 10&amp;apos;, os.arch: &amp;apos;amd64&amp;apos;, os.version: &amp;apos;10.0&amp;apos;, java.version: &amp;apos;1.8.0_112&amp;apos;
Driver info: io.appium.java_client.android.AndroidDriver
Capabilities [{appPackage=com.healthec.providereconnect.provider.demo, deviceScreenSize=1080x1920, networkConnectionEnabled=true, warnings={}, databaseEnabled=false, deviceName=5705815e, platform=LINUX, deviceUDID=5705815e, appActivity=com.healthec.providereconnect.provider.demo.ProviderWebViewActivity, desired={appPackage=com.healthec.providereconnect.provider.demo, appActivity=com.healthec.providereconnect.provider.demo.ProviderWebViewActivity, platformVersion=6.0.1, platformName=Android, deviceName=Real Device}, platformVersion=6.0.1, webStorageEnabled=false, locationContextEnabled=false, takesScreenshot=true, javascriptEnabled=true, deviceModel=Redmi Note 3, platformName=Android, deviceManufacturer=Xiaomi}]
Session ID: 6b9393a9-d634-44ec-95a7-c7728fda1065">
      <![CDATA[org.openqa.selenium.WebDriverException: An unknown server-side error occurred while processing the command. (WARNING: The server did not provide any stacktrace information)
Command duration or timeout: 266 milliseconds
Build info: version: '3.0.1', revision: '1969d75', time: '2016-10-18 09:49:13 -0700'
System info: host: 'DT-AKASH', ip: '169.254.91.26', os.name: 'Windows 10', os.arch: 'amd64', os.version: '10.0', java.version: '1.8.0_112'
Driver info: io.appium.java_client.android.AndroidDriver
Capabilities [{appPackage=com.healthec.providereconnect.provider.demo, deviceScreenSize=1080x1920, networkConnectionEnabled=true, warnings={}, databaseEnabled=false, deviceName=5705815e, platform=LINUX, deviceUDID=5705815e, appActivity=com.healthec.providereconnect.provider.demo.ProviderWebViewActivity, desired={appPackage=com.healthec.providereconnect.provider.demo, appActivity=com.healthec.providereconnect.provider.demo.ProviderWebViewActivity, platformVersion=6.0.1, platformName=Android, deviceName=Real Device}, platformVersion=6.0.1, webStorageEnabled=false, locationContextEnabled=false, takesScreenshot=true, javascriptEnabled=true, deviceModel=Redmi Note 3, platformName=Android, deviceManufacturer=Xiaomi}]
Session ID: 6b9393a9-d634-44ec-95a7-c7728fda1065
	at sun.reflect.NativeConstructorAccessorImpl.newInstance0(Native Method)
	at sun.reflect.NativeConstructorAccessorImpl.newInstance(Unknown Source)
	at sun.reflect.DelegatingConstructorAccessorImpl.newInstance(Unknown Source)
	at java.lang.reflect.Constructor.newInstance(Unknown Source)
	at org.openqa.selenium.remote.ErrorHandler.createThrowable(ErrorHandler.java:216)
	at org.openqa.selenium.remote.ErrorHandler.throwIfResponseFailed(ErrorHandler.java:168)
	at org.openqa.selenium.remote.RemoteWebDriver.execute(RemoteWebDriver.java:635)
	at io.appium.java_client.DefaultGenericMobileDriver.execute(DefaultGenericMobileDriver.java:40)
	at io.appium.java_client.AppiumDriver.execute(AppiumDriver.java:1)
	at io.appium.java_client.android.AndroidDriver.execute(AndroidDriver.java:1)
	at org.openqa.selenium.remote.RemoteWebElement.execute(RemoteWebElement.java:274)
	at io.appium.java_client.DefaultGenericMobileElement.execute(DefaultGenericMobileElement.java:33)
	at io.appium.java_client.MobileElement.execute(MobileElement.java:1)
	at io.appium.java_client.android.AndroidElement.execute(AndroidElement.java:1)
	at org.openqa.selenium.remote.RemoteWebElement.sendKeys(RemoteWebElement.java:98)
	at com.healthec.provider.test.smoke.TestLoginUC_001.testloginTC_004(TestLoginUC_001.java:31)
	at com.healthec.provider.test.functional.TestdashboardUC_002.beforedashboardTC(TestdashboardUC_002.java:26)
	at com.healthec.provider.test.smoke.TestInstantMessengerUC_003.beforeImtest(TestInstantMessengerUC_003.java:25)
	at sun.reflect.NativeMethodAccessorImpl.invoke0(Native Method)
	at sun.reflect.NativeMethodAccessorImpl.invoke(Unknown Source)
	at sun.reflect.DelegatingMethodAccessorImpl.invoke(Unknown Source)
	at java.lang.reflect.Method.invoke(Unknown Source)
	at org.testng.internal.MethodInvocationHelper.invokeMethod(MethodInvocationHelper.java:108)
	at org.testng.internal.Invoker.invokeConfigurationMethod(Invoker.java:523)
	at org.testng.internal.Invoker.invokeConfigurations(Invoker.java:224)
	at org.testng.internal.Invoker.invokeConfigurations(Invoker.java:146)
	at org.testng.TestRunner.beforeRun(TestRunner.java:626)
	at org.testng.TestRunner.run(TestRunner.java:594)
	at org.testng.SuiteRunner.runTest(SuiteRunner.java:380)
	at org.testng.SuiteRunner.runSequentially(SuiteRunner.java:375)
	at org.testng.SuiteRunner.privateRun(SuiteRunner.java:340)
	at org.testng.SuiteRunner.run(SuiteRunner.java:289)
	at org.testng.SuiteRunnerWorker.runSuite(SuiteRunnerWorker.java:52)
	at org.testng.SuiteRunnerWorker.run(SuiteRunnerWorker.java:86)
	at org.testng.TestNG.runSuitesSequentially(TestNG.java:1301)
	at org.testng.TestNG.runSuitesLocally(TestNG.java:1226)
	at org.testng.TestNG.runSuites(TestNG.java:1144)
	at org.testng.TestNG.run(TestNG.java:1115)
	at org.testng.remote.AbstractRemoteTestNG.run(AbstractRemoteTestNG.java:132)
	at org.testng.remote.RemoteTestNG.initAndRun(RemoteTestNG.java:230)
	at org.testng.remote.RemoteTestNG.main(RemoteTestNG.java:76)
]]>
    </failure>
  </testcase> <!-- @BeforeTest beforeImtest -->
  <testcase name="IMTC_001" time="0.0" classname="com.healthec.provider.test.smoke.TestInstantMessengerUC_003">
    <skipped/>
  </testcase> <!-- IMTC_001 -->
  <testcase name="IMTC_002" time="0.0" classname="com.healthec.provider.test.smoke.TestInstantMessengerUC_003">
    <skipped/>
  </testcase> <!-- IMTC_002 -->
</testsuite> <!-- Default test -->
